  Building Custom Rule C:/Users/Choi/Desktop/bullet3-master/src/BulletDynamics/CMakeLists.txt
  CMake does not need to re-run because C:\Users\Choi\Desktop\tutorials\build\src\BulletDynamics\CMakeFiles\generate.stamp is up-to-date.
  btKinematicCharacterController.cpp
  btConeTwistConstraint.cpp
  btContactConstraint.cpp
c:\users\choi\desktop\bullet3-master\src\bulletdynamics\constraintsolver\btContactConstraint.h(25): warning C4359: 'btContactConstraint': Alignment specifier is less than actual alignment (128), and will be ignored.
  btFixedConstraint.cpp
  btGearConstraint.cpp
  btGeneric6DofConstraint.cpp
  btGeneric6DofSpringConstraint.cpp
  btGeneric6DofSpring2Constraint.cpp
  btHinge2Constraint.cpp
  btHingeConstraint.cpp
  btPoint2PointConstraint.cpp
  btSequentialImpulseConstraintSolver.cpp
  btNNCGConstraintSolver.cpp
  btSliderConstraint.cpp
  btSolve2LinearConstraint.cpp
  btTypedConstraint.cpp
  btUniversalConstraint.cpp
  btDiscreteDynamicsWorld.cpp
C:\Users\Choi\Desktop\bullet3-master\src\BulletDynamics/ConstraintSolver/btContactConstraint.h(25): warning C4359: 'btContactConstraint': Alignment specifier is less than actual alignment (128), and will be ignored.
  btDiscreteDynamicsWorldMt.cpp
C:\Users\Choi\Desktop\bullet3-master\src\BulletDynamics/ConstraintSolver/btContactConstraint.h(25): warning C4359: 'btContactConstraint': Alignment specifier is less than actual alignment (128), and will be ignored.
  btSimulationIslandManagerMt.cpp
  Generating Code...
  Compiling...
  btRigidBody.cpp
  btSimpleDynamicsWorld.cpp
  btRaycastVehicle.cpp
C:\Users\Choi\Desktop\bullet3-master\src\BulletDynamics/ConstraintSolver/btContactConstraint.h(25): warning C4359: 'btContactConstraint': Alignment specifier is less than actual alignment (128), and will be ignored.
  btWheelInfo.cpp
  btMultiBody.cpp
  btMultiBodyConstraintSolver.cpp
  btMultiBodyDynamicsWorld.cpp
  btMultiBodyJointLimitConstraint.cpp
  btMultiBodyConstraint.cpp
  btMultiBodyPoint2Point.cpp
  btMultiBodyFixedConstraint.cpp
  btMultiBodySliderConstraint.cpp
  btMultiBodyJointMotor.cpp
  btDantzigLCP.cpp
  btMLCPSolver.cpp
  btLemkeAlgorithm.cpp
c:\users\choi\desktop\bullet3-master\src\bulletdynamics\mlcpsolvers\btLemkeAlgorithm.h : warning C4819: The file contains a character that cannot be represented in the current code page (949). Save the file in Unicode format to prevent data loss
  Generating Code...
  BulletDynamics.vcxproj -> C:\Users\Choi\Desktop\tutorials\build\lib\Debug\BulletDynamics_Debug.lib
